#! /usr/local/Cellar/icarus-verilog/10.3/bin/vvp
:ivl_version "10.3 (stable)" "(v10_3)";
:ivl_delay_selection "TYPICAL";
:vpi_time_precision + 0;
:vpi_module "system";
:vpi_module "vhdl_sys";
:vpi_module "v2005_math";
:vpi_module "va_math";
S_0x7fd14f4276c0 .scope module, "test_main" "test_main" 2 1;
 .timescale 0 0;
v0x7fd14f4548a0_0 .var "clk", 0 0;
v0x7fd14f454930_0 .var "rst", 0 0;
S_0x7fd14f4267d0 .scope module, "testee" "main" 2 4, 3 1 0, S_0x7fd14f4276c0;
 .timescale 0 0;
    .port_info 0 /INPUT 1 "clk"
    .port_info 1 /INPUT 1 "rst"
v0x7fd14f453d20_0 .net "JAL", 0 0, L_0x7fd14f459e60;  1 drivers
v0x7fd14f453df0_0 .net "JBEQ", 0 0, L_0x7fd14f459cd0;  1 drivers
v0x7fd14f453e80_0 .net "JJRJAL", 0 0, L_0x7fd14f459fb0;  1 drivers
v0x7fd14f453f10_0 .net "JR", 0 0, L_0x7fd14f459a40;  1 drivers
v0x7fd14f453fe0_0 .net "LW", 0 0, L_0x7fd14f4597f0;  1 drivers
v0x7fd14f4540f0_0 .net "RI", 0 0, L_0x7fd14f459350;  1 drivers
v0x7fd14f4541c0_0 .net "SHIFT", 0 0, L_0x7fd14f4596c0;  1 drivers
v0x7fd14f454250_0 .net "SRL", 0 0, L_0x7fd14f459400;  1 drivers
v0x7fd14f454320_0 .net "clk", 0 0, v0x7fd14f4548a0_0;  1 drivers
v0x7fd14f4544b0_0 .net "funct", 5 0, L_0x7fd14f454e60;  1 drivers
v0x7fd14f454540_0 .net "op", 2 0, v0x7fd14f44ce60_0;  1 drivers
v0x7fd14f4545d0_0 .net "opcode", 5 0, L_0x7fd14f454a40;  1 drivers
v0x7fd14f454660_0 .net "rst", 0 0, v0x7fd14f454930_0;  1 drivers
v0x7fd14f4546f0_0 .net "writeMem", 0 0, L_0x7fd14f45a520;  1 drivers
v0x7fd14f454780_0 .net "writeReg", 0 0, L_0x7fd14f45a4b0;  1 drivers
v0x7fd14f454810_0 .net "zero", 0 0, L_0x7fd14f457dc0;  1 drivers
S_0x7fd14f426030 .scope module, "control_path" "control_path" 3 16, 4 1 0, S_0x7fd14f4267d0;
 .timescale 0 0;
    .port_info 0 /INPUT 6 "opcode"
    .port_info 1 /INPUT 6 "funct"
    .port_info 2 /INPUT 1 "zero"
    .port_info 3 /OUTPUT 1 "JBEQ"
    .port_info 4 /OUTPUT 1 "JJRJAL"
    .port_info 5 /OUTPUT 1 "JAL"
    .port_info 6 /OUTPUT 1 "JR"
    .port_info 7 /OUTPUT 1 "RI"
    .port_info 8 /OUTPUT 1 "LW"
    .port_info 9 /OUTPUT 1 "SHIFT"
    .port_info 10 /OUTPUT 1 "SRL"
    .port_info 11 /OUTPUT 1 "writeReg"
    .port_info 12 /OUTPUT 1 "writeMem"
    .port_info 13 /OUTPUT 3 "op"
L_0x7fd14f458bd0 .functor OR 1, L_0x7fd14f458cf0, L_0x7fd14f458b30, C4<0>, C4<0>;
L_0x7fd14f459260 .functor OR 1, L_0x7fd14f458bd0, L_0x7fd14f458c50, C4<0>, C4<0>;
L_0x7fd14f459350 .functor NOT 1, L_0x7fd14f459260, C4<0>, C4<0>, C4<0>;
L_0x7fd14f459560 .functor AND 1, L_0x7fd14f458cf0, L_0x7fd14f459400, C4<1>, C4<1>;
L_0x7fd14f4595d0 .functor AND 1, L_0x7fd14f458cf0, L_0x7fd14f458dd0, C4<1>, C4<1>;
L_0x7fd14f4596c0 .functor OR 1, L_0x7fd14f459560, L_0x7fd14f4595d0, C4<0>, C4<0>;
L_0x7fd14f459a40 .functor AND 1, L_0x7fd14f458cf0, L_0x7fd14f459910, C4<1>, C4<1>;
L_0x7fd14f459b30 .functor AND 1, L_0x7fd14f458b30, L_0x7fd14f457dc0, C4<1>, C4<1>;
L_0x7fd14f459ba0 .functor NOT 1, L_0x7fd14f457dc0, C4<0>, C4<0>, C4<0>;
L_0x7fd14f459c60 .functor AND 1, L_0x7fd14f458c50, L_0x7fd14f459ba0, C4<1>, C4<1>;
L_0x7fd14f459cd0 .functor OR 1, L_0x7fd14f459b30, L_0x7fd14f459c60, C4<0>, C4<0>;
L_0x7fd14f459f00 .functor OR 1, L_0x7fd14f459000, L_0x7fd14f459a40, C4<0>, C4<0>;
L_0x7fd14f459fb0 .functor OR 1, L_0x7fd14f459f00, L_0x7fd14f459e60, C4<0>, C4<0>;
L_0x7fd14f45a110 .functor OR 1, L_0x7fd14f458b30, L_0x7fd14f458c50, C4<0>, C4<0>;
L_0x7fd14f45a280 .functor OR 1, L_0x7fd14f45a110, L_0x7fd14f458ef0, C4<0>, C4<0>;
L_0x7fd14f45a0a0 .functor OR 1, L_0x7fd14f45a280, L_0x7fd14f459000, C4<0>, C4<0>;
L_0x7fd14f45a370 .functor OR 1, L_0x7fd14f45a0a0, L_0x7fd14f459a40, C4<0>, C4<0>;
L_0x7fd14f45a4b0 .functor NOT 1, L_0x7fd14f45a370, C4<0>, C4<0>, C4<0>;
L_0x7fd14f45a520 .functor BUFZ 1, L_0x7fd14f458ef0, C4<0>, C4<0>, C4<0>;
v0x7fd14f42f900_0 .net "BEQ", 0 0, L_0x7fd14f458b30;  1 drivers
v0x7fd14f44b430_0 .net "BNE", 0 0, L_0x7fd14f458c50;  1 drivers
v0x7fd14f44b4d0_0 .net "J", 0 0, L_0x7fd14f459000;  1 drivers
v0x7fd14f44b560_0 .net "JAL", 0 0, L_0x7fd14f459e60;  alias, 1 drivers
v0x7fd14f44b600_0 .net "JBEQ", 0 0, L_0x7fd14f459cd0;  alias, 1 drivers
v0x7fd14f44b6e0_0 .net "JJRJAL", 0 0, L_0x7fd14f459fb0;  alias, 1 drivers
v0x7fd14f44b780_0 .net "JR", 0 0, L_0x7fd14f459a40;  alias, 1 drivers
v0x7fd14f44b820_0 .net "LW", 0 0, L_0x7fd14f4597f0;  alias, 1 drivers
v0x7fd14f44b8c0_0 .net "RI", 0 0, L_0x7fd14f459350;  alias, 1 drivers
v0x7fd14f44b9d0_0 .net "RTYPE", 0 0, L_0x7fd14f458cf0;  1 drivers
v0x7fd14f44ba60_0 .net "SHIFT", 0 0, L_0x7fd14f4596c0;  alias, 1 drivers
v0x7fd14f44bb00_0 .net "SLL", 0 0, L_0x7fd14f458dd0;  1 drivers
v0x7fd14f44bba0_0 .net "SRL", 0 0, L_0x7fd14f459400;  alias, 1 drivers
v0x7fd14f44bc40_0 .net "SW", 0 0, L_0x7fd14f458ef0;  1 drivers
L_0x10ec5e518 .functor BUFT 1, C4<000100>, C4<0>, C4<0>, C4<0>;
v0x7fd14f44bce0_0 .net/2u *"_s0", 5 0, L_0x10ec5e518;  1 drivers
L_0x10ec5e5f0 .functor BUFT 1, C4<000000>, C4<0>, C4<0>, C4<0>;
v0x7fd14f44bd90_0 .net/2u *"_s12", 5 0, L_0x10ec5e5f0;  1 drivers
L_0x10ec5e638 .functor BUFT 1, C4<101011>, C4<0>, C4<0>, C4<0>;
v0x7fd14f44be40_0 .net/2u *"_s16", 5 0, L_0x10ec5e638;  1 drivers
L_0x10ec5e680 .functor BUFT 1, C4<000010>, C4<0>, C4<0>, C4<0>;
v0x7fd14f44bfd0_0 .net/2u *"_s20", 5 0, L_0x10ec5e680;  1 drivers
v0x7fd14f44c060_0 .net *"_s24", 0 0, L_0x7fd14f458bd0;  1 drivers
v0x7fd14f44c100_0 .net *"_s26", 0 0, L_0x7fd14f459260;  1 drivers
L_0x10ec5e6c8 .functor BUFT 1, C4<000010>, C4<0>, C4<0>, C4<0>;
v0x7fd14f44c1a0_0 .net/2u *"_s30", 5 0, L_0x10ec5e6c8;  1 drivers
v0x7fd14f44c250_0 .net *"_s34", 0 0, L_0x7fd14f459560;  1 drivers
v0x7fd14f44c2f0_0 .net *"_s36", 0 0, L_0x7fd14f4595d0;  1 drivers
L_0x10ec5e560 .functor BUFT 1, C4<000101>, C4<0>, C4<0>, C4<0>;
v0x7fd14f44c390_0 .net/2u *"_s4", 5 0, L_0x10ec5e560;  1 drivers
L_0x10ec5e710 .functor BUFT 1, C4<100011>, C4<0>, C4<0>, C4<0>;
v0x7fd14f44c440_0 .net/2u *"_s40", 5 0, L_0x10ec5e710;  1 drivers
L_0x10ec5e758 .functor BUFT 1, C4<001000>, C4<0>, C4<0>, C4<0>;
v0x7fd14f44c4f0_0 .net/2u *"_s44", 5 0, L_0x10ec5e758;  1 drivers
v0x7fd14f44c5a0_0 .net *"_s46", 0 0, L_0x7fd14f459910;  1 drivers
v0x7fd14f44c640_0 .net *"_s50", 0 0, L_0x7fd14f459b30;  1 drivers
v0x7fd14f44c6e0_0 .net *"_s52", 0 0, L_0x7fd14f459ba0;  1 drivers
v0x7fd14f44c790_0 .net *"_s54", 0 0, L_0x7fd14f459c60;  1 drivers
L_0x10ec5e7a0 .functor BUFT 1, C4<000011>, C4<0>, C4<0>, C4<0>;
v0x7fd14f44c830_0 .net/2u *"_s58", 5 0, L_0x10ec5e7a0;  1 drivers
v0x7fd14f44c8e0_0 .net *"_s62", 0 0, L_0x7fd14f459f00;  1 drivers
v0x7fd14f44c980_0 .net *"_s66", 0 0, L_0x7fd14f45a110;  1 drivers
v0x7fd14f44bee0_0 .net *"_s68", 0 0, L_0x7fd14f45a280;  1 drivers
v0x7fd14f44cc10_0 .net *"_s70", 0 0, L_0x7fd14f45a0a0;  1 drivers
v0x7fd14f44cca0_0 .net *"_s72", 0 0, L_0x7fd14f45a370;  1 drivers
L_0x10ec5e5a8 .functor BUFT 1, C4<000000>, C4<0>, C4<0>, C4<0>;
v0x7fd14f44cd30_0 .net/2u *"_s8", 5 0, L_0x10ec5e5a8;  1 drivers
v0x7fd14f44cdc0_0 .net "funct", 5 0, L_0x7fd14f454e60;  alias, 1 drivers
v0x7fd14f44ce60_0 .var "op", 2 0;
v0x7fd14f44cf10_0 .net "opcode", 5 0, L_0x7fd14f454a40;  alias, 1 drivers
v0x7fd14f44cfc0_0 .net "writeMem", 0 0, L_0x7fd14f45a520;  alias, 1 drivers
v0x7fd14f44d060_0 .net "writeReg", 0 0, L_0x7fd14f45a4b0;  alias, 1 drivers
v0x7fd14f44d100_0 .net "zero", 0 0, L_0x7fd14f457dc0;  alias, 1 drivers
E_0x7fd14f42f9f0 .event edge, v0x7fd14f44cf10_0, v0x7fd14f44cdc0_0;
L_0x7fd14f458b30 .cmp/eq 6, L_0x7fd14f454a40, L_0x10ec5e518;
L_0x7fd14f458c50 .cmp/eq 6, L_0x7fd14f454a40, L_0x10ec5e560;
L_0x7fd14f458cf0 .cmp/eq 6, L_0x7fd14f454a40, L_0x10ec5e5a8;
L_0x7fd14f458dd0 .cmp/eq 6, L_0x7fd14f454e60, L_0x10ec5e5f0;
L_0x7fd14f458ef0 .cmp/eq 6, L_0x7fd14f454a40, L_0x10ec5e638;
L_0x7fd14f459000 .cmp/eq 6, L_0x7fd14f454a40, L_0x10ec5e680;
L_0x7fd14f459400 .cmp/eq 6, L_0x7fd14f454e60, L_0x10ec5e6c8;
L_0x7fd14f4597f0 .cmp/eq 6, L_0x7fd14f454a40, L_0x10ec5e710;
L_0x7fd14f459910 .cmp/eq 6, L_0x7fd14f454e60, L_0x10ec5e758;
L_0x7fd14f459e60 .cmp/eq 6, L_0x7fd14f454a40, L_0x10ec5e7a0;
S_0x7fd14f44d2f0 .scope module, "data_path" "data_path" 3 11, 5 12 0, S_0x7fd14f4267d0;
 .timescale 0 0;
    .port_info 0 /INPUT 1 "clk"
    .port_info 1 /INPUT 1 "rst"
    .port_info 2 /INPUT 1 "JBEQ"
    .port_info 3 /INPUT 1 "JJRJAL"
    .port_info 4 /INPUT 1 "JAL"
    .port_info 5 /INPUT 1 "JR"
    .port_info 6 /INPUT 1 "RI"
    .port_info 7 /INPUT 1 "LW"
    .port_info 8 /INPUT 1 "SHIFT"
    .port_info 9 /INPUT 1 "SRL"
    .port_info 10 /INPUT 1 "writeReg"
    .port_info 11 /INPUT 1 "writeMem"
    .port_info 12 /INPUT 3 "op"
    .port_info 13 /OUTPUT 6 "opcode"
    .port_info 14 /OUTPUT 6 "funct"
    .port_info 15 /OUTPUT 1 "zero"
v0x7fd14f451510_0 .net "JAL", 0 0, L_0x7fd14f459e60;  alias, 1 drivers
v0x7fd14f4515d0_0 .net "JBEQ", 0 0, L_0x7fd14f459cd0;  alias, 1 drivers
v0x7fd14f451660_0 .net "JJRJAL", 0 0, L_0x7fd14f459fb0;  alias, 1 drivers
v0x7fd14f451710_0 .net "JR", 0 0, L_0x7fd14f459a40;  alias, 1 drivers
v0x7fd14f4517c0_0 .net "LW", 0 0, L_0x7fd14f4597f0;  alias, 1 drivers
v0x7fd14f451890_0 .net "RI", 0 0, L_0x7fd14f459350;  alias, 1 drivers
v0x7fd14f451940_0 .net "SHIFT", 0 0, L_0x7fd14f4596c0;  alias, 1 drivers
v0x7fd14f4519f0_0 .net "SRL", 0 0, L_0x7fd14f459400;  alias, 1 drivers
v0x7fd14f451aa0_0 .net *"_s19", 0 0, L_0x7fd14f4551e0;  1 drivers
v0x7fd14f451bb0_0 .net *"_s20", 15 0, L_0x7fd14f455280;  1 drivers
L_0x10ec5e008 .functor BUFT 1, C4<11111>, C4<0>, C4<0>, C4<0>;
v0x7fd14f451c40_0 .net/2u *"_s24", 4 0, L_0x10ec5e008;  1 drivers
v0x7fd14f451cd0_0 .net *"_s26", 4 0, L_0x7fd14f455730;  1 drivers
v0x7fd14f451d60_0 .net *"_s32", 31 0, L_0x7fd14f455b10;  1 drivers
v0x7fd14f451df0_0 .net *"_s34", 31 0, L_0x7fd14f455c30;  1 drivers
v0x7fd14f451ea0_0 .net *"_s40", 31 0, L_0x7fd14f455f40;  1 drivers
L_0x10ec5e050 .functor BUFT 1, C4<00000000000000000000000000000100>, C4<0>, C4<0>, C4<0>;
v0x7fd14f451f50_0 .net/2u *"_s44", 31 0, L_0x10ec5e050;  1 drivers
v0x7fd14f452000_0 .net *"_s49", 3 0, L_0x7fd14f4562f0;  1 drivers
L_0x10ec5e098 .functor BUFT 1, C4<00>, C4<0>, C4<0>, C4<0>;
v0x7fd14f452190_0 .net/2u *"_s50", 1 0, L_0x10ec5e098;  1 drivers
v0x7fd14f452220_0 .net *"_s52", 31 0, L_0x7fd14f4560c0;  1 drivers
v0x7fd14f4522d0_0 .net *"_s56", 31 0, L_0x7fd14f456760;  1 drivers
v0x7fd14f452380_0 .net *"_s58", 29 0, L_0x7fd14f4566c0;  1 drivers
L_0x10ec5e0e0 .functor BUFT 1, C4<00>, C4<0>, C4<0>, C4<0>;
v0x7fd14f452430_0 .net *"_s60", 1 0, L_0x10ec5e0e0;  1 drivers
v0x7fd14f4524e0_0 .net *"_s62", 31 0, L_0x7fd14f4568e0;  1 drivers
v0x7fd14f452590_0 .net "addr", 31 0, v0x7fd14f4501f0_0;  1 drivers
v0x7fd14f452670_0 .net "addrAdd4", 31 0, L_0x7fd14f4561b0;  1 drivers
v0x7fd14f452700_0 .net "addrData", 31 0, L_0x7fd14f455e00;  1 drivers
v0x7fd14f452790_0 .net "addrDirect", 31 0, L_0x7fd14f456550;  1 drivers
v0x7fd14f452820_0 .net "addrRelate", 31 0, L_0x7fd14f4565f0;  1 drivers
v0x7fd14f4528b0_0 .net "b", 31 0, L_0x7fd14f455930;  1 drivers
v0x7fd14f452960_0 .net "c", 31 0, v0x7fd14f44d9f0_0;  1 drivers
v0x7fd14f452a10_0 .net "clk", 0 0, v0x7fd14f4548a0_0;  alias, 1 drivers
v0x7fd14f452aa0_0 .net "cmd", 31 0, L_0x7fd14f4577a0;  1 drivers
v0x7fd14f452b50_0 .net "data", 31 0, L_0x7fd14f458970;  1 drivers
v0x7fd14f4520b0_0 .net "funct", 5 0, L_0x7fd14f454e60;  alias, 1 drivers
v0x7fd14f452de0_0 .net "immd", 15 0, L_0x7fd14f4550a0;  1 drivers
v0x7fd14f452e70_0 .net "immd32", 31 0, L_0x7fd14f455430;  1 drivers
v0x7fd14f452f00_0 .net "jaddr", 25 0, L_0x7fd14f455140;  1 drivers
v0x7fd14f452fa0_0 .net "nextaddr", 31 0, L_0x7fd14f456ad0;  1 drivers
v0x7fd14f453060_0 .net "op", 2 0, v0x7fd14f44ce60_0;  alias, 1 drivers
v0x7fd14f453130_0 .net "opcode", 5 0, L_0x7fd14f454a40;  alias, 1 drivers
v0x7fd14f4531d0_0 .net "rd1", 31 0, L_0x7fd14f457a60;  1 drivers
v0x7fd14f4532a0_0 .net "rd2", 31 0, L_0x7fd14f457d10;  1 drivers
v0x7fd14f453380_0 .net "rdI", 4 0, L_0x7fd14f454f00;  1 drivers
v0x7fd14f453410_0 .net "rdR", 4 0, L_0x7fd14f454d20;  1 drivers
v0x7fd14f4534c0_0 .net "rs", 4 0, L_0x7fd14f454ae0;  1 drivers
v0x7fd14f453560_0 .net "rst", 0 0, v0x7fd14f454930_0;  alias, 1 drivers
v0x7fd14f453630_0 .net "rt", 4 0, L_0x7fd14f454bc0;  1 drivers
v0x7fd14f4536c0_0 .net "shamt", 4 0, L_0x7fd14f454dc0;  1 drivers
v0x7fd14f453760_0 .net "shiftRt", 31 0, L_0x7fd14f455d60;  1 drivers
v0x7fd14f453810_0 .net "wa", 4 0, L_0x7fd14f4557d0;  1 drivers
v0x7fd14f4538d0_0 .net "wd", 31 0, L_0x7fd14f456020;  1 drivers
v0x7fd14f453980_0 .net "writeMem", 0 0, L_0x7fd14f45a520;  alias, 1 drivers
v0x7fd14f453a50_0 .net "writeReg", 0 0, L_0x7fd14f45a4b0;  alias, 1 drivers
v0x7fd14f453b20_0 .net "zero", 0 0, L_0x7fd14f457dc0;  alias, 1 drivers
L_0x7fd14f454a40 .part L_0x7fd14f4577a0, 26, 6;
L_0x7fd14f454ae0 .part L_0x7fd14f4577a0, 21, 5;
L_0x7fd14f454bc0 .part L_0x7fd14f4577a0, 16, 5;
L_0x7fd14f454d20 .part L_0x7fd14f4577a0, 11, 5;
L_0x7fd14f454dc0 .part L_0x7fd14f4577a0, 6, 5;
L_0x7fd14f454e60 .part L_0x7fd14f4577a0, 0, 6;
L_0x7fd14f454f00 .part L_0x7fd14f4577a0, 16, 5;
L_0x7fd14f4550a0 .part L_0x7fd14f4577a0, 0, 16;
L_0x7fd14f455140 .part L_0x7fd14f4577a0, 0, 26;
L_0x7fd14f4551e0 .part L_0x7fd14f4550a0, 15, 1;
LS_0x7fd14f455280_0_0 .concat [ 1 1 1 1], L_0x7fd14f4551e0, L_0x7fd14f4551e0, L_0x7fd14f4551e0, L_0x7fd14f4551e0;
LS_0x7fd14f455280_0_4 .concat [ 1 1 1 1], L_0x7fd14f4551e0, L_0x7fd14f4551e0, L_0x7fd14f4551e0, L_0x7fd14f4551e0;
LS_0x7fd14f455280_0_8 .concat [ 1 1 1 1], L_0x7fd14f4551e0, L_0x7fd14f4551e0, L_0x7fd14f4551e0, L_0x7fd14f4551e0;
LS_0x7fd14f455280_0_12 .concat [ 1 1 1 1], L_0x7fd14f4551e0, L_0x7fd14f4551e0, L_0x7fd14f4551e0, L_0x7fd14f4551e0;
L_0x7fd14f455280 .concat [ 4 4 4 4], LS_0x7fd14f455280_0_0, LS_0x7fd14f455280_0_4, LS_0x7fd14f455280_0_8, LS_0x7fd14f455280_0_12;
L_0x7fd14f455430 .concat [ 16 16 0 0], L_0x7fd14f4550a0, L_0x7fd14f455280;
L_0x7fd14f455730 .functor MUXZ 5, L_0x7fd14f454d20, L_0x7fd14f454f00, L_0x7fd14f459350, C4<>;
L_0x7fd14f4557d0 .functor MUXZ 5, L_0x7fd14f455730, L_0x10ec5e008, L_0x7fd14f459e60, C4<>;
L_0x7fd14f455930 .functor MUXZ 32, L_0x7fd14f457d10, L_0x7fd14f455430, L_0x7fd14f459350, C4<>;
L_0x7fd14f455b10 .shift/r 32, L_0x7fd14f457d10, L_0x7fd14f454dc0;
L_0x7fd14f455c30 .shift/l 32, L_0x7fd14f457d10, L_0x7fd14f454dc0;
L_0x7fd14f455d60 .functor MUXZ 32, L_0x7fd14f455c30, L_0x7fd14f455b10, L_0x7fd14f459400, C4<>;
L_0x7fd14f455e00 .functor MUXZ 32, v0x7fd14f44d9f0_0, L_0x7fd14f455d60, L_0x7fd14f4596c0, C4<>;
L_0x7fd14f455f40 .functor MUXZ 32, L_0x7fd14f455e00, L_0x7fd14f458970, L_0x7fd14f4597f0, C4<>;
L_0x7fd14f456020 .functor MUXZ 32, L_0x7fd14f455f40, L_0x7fd14f4561b0, L_0x7fd14f459e60, C4<>;
L_0x7fd14f4561b0 .arith/sum 32, v0x7fd14f4501f0_0, L_0x10ec5e050;
L_0x7fd14f4562f0 .part v0x7fd14f4501f0_0, 28, 4;
L_0x7fd14f4560c0 .concat [ 2 26 4 0], L_0x10ec5e098, L_0x7fd14f455140, L_0x7fd14f4562f0;
L_0x7fd14f456550 .functor MUXZ 32, L_0x7fd14f4560c0, L_0x7fd14f457a60, L_0x7fd14f459a40, C4<>;
L_0x7fd14f4566c0 .part L_0x7fd14f455430, 0, 30;
L_0x7fd14f456760 .concat [ 2 30 0 0], L_0x10ec5e0e0, L_0x7fd14f4566c0;
L_0x7fd14f4568e0 .arith/sum 32, L_0x7fd14f456760, L_0x7fd14f4561b0;
L_0x7fd14f4565f0 .functor MUXZ 32, L_0x7fd14f4561b0, L_0x7fd14f4568e0, L_0x7fd14f459cd0, C4<>;
L_0x7fd14f456ad0 .functor MUXZ 32, L_0x7fd14f4565f0, L_0x7fd14f456550, L_0x7fd14f459fb0, C4<>;
S_0x7fd14f44d650 .scope module, "alu" "alu" 5 73, 6 1 0, S_0x7fd14f44d2f0;
 .timescale 0 0;
    .port_info 0 /INPUT 3 "op"
    .port_info 1 /INPUT 32 "a"
    .port_info 2 /INPUT 32 "b"
    .port_info 3 /OUTPUT 32 "c"
    .port_info 4 /OUTPUT 1 "zero"
v0x7fd14f44d890_0 .net "a", 31 0, L_0x7fd14f457a60;  alias, 1 drivers
v0x7fd14f44d940_0 .net "b", 31 0, L_0x7fd14f455930;  alias, 1 drivers
v0x7fd14f44d9f0_0 .var "c", 31 0;
v0x7fd14f44dab0_0 .net "op", 2 0, v0x7fd14f44ce60_0;  alias, 1 drivers
v0x7fd14f44db70_0 .net "zero", 0 0, L_0x7fd14f457dc0;  alias, 1 drivers
E_0x7fd14f44d860 .event edge, v0x7fd14f44ce60_0, v0x7fd14f44d890_0, v0x7fd14f44d940_0;
L_0x7fd14f457dc0 .reduce/or v0x7fd14f44d9f0_0;
S_0x7fd14f44dca0 .scope module, "cmdmem" "cmdmem" 5 69, 7 3 0, S_0x7fd14f44d2f0;
 .timescale 0 0;
    .port_info 0 /INPUT 32 "addr"
    .port_info 1 /OUTPUT 32 "cmd"
v0x7fd14f44de60_0 .net *"_s0", 7 0, L_0x7fd14f456bf0;  1 drivers
v0x7fd14f44df20_0 .net *"_s10", 7 0, L_0x7fd14f456f30;  1 drivers
v0x7fd14f44dfd0_0 .net *"_s12", 32 0, L_0x7fd14f456fd0;  1 drivers
L_0x10ec5e1b8 .functor BUFT 1, C4<0>, C4<0>, C4<0>, C4<0>;
v0x7fd14f44e090_0 .net *"_s15", 0 0, L_0x10ec5e1b8;  1 drivers
L_0x10ec5e200 .functor BUFT 1, C4<000000000000000000000000000000010>, C4<0>, C4<0>, C4<0>;
v0x7fd14f44e140_0 .net/2u *"_s16", 32 0, L_0x10ec5e200;  1 drivers
v0x7fd14f44e230_0 .net *"_s18", 32 0, L_0x7fd14f4570b0;  1 drivers
v0x7fd14f44e2e0_0 .net *"_s2", 32 0, L_0x7fd14f456c90;  1 drivers
v0x7fd14f44e390_0 .net *"_s20", 7 0, L_0x7fd14f457230;  1 drivers
v0x7fd14f44e440_0 .net *"_s22", 32 0, L_0x7fd14f457310;  1 drivers
L_0x10ec5e248 .functor BUFT 1, C4<0>, C4<0>, C4<0>, C4<0>;
v0x7fd14f44e550_0 .net *"_s25", 0 0, L_0x10ec5e248;  1 drivers
L_0x10ec5e290 .functor BUFT 1, C4<000000000000000000000000000000001>, C4<0>, C4<0>, C4<0>;
v0x7fd14f44e600_0 .net/2u *"_s26", 32 0, L_0x10ec5e290;  1 drivers
v0x7fd14f44e6b0_0 .net *"_s28", 32 0, L_0x7fd14f457470;  1 drivers
v0x7fd14f44e760_0 .net *"_s30", 7 0, L_0x7fd14f457600;  1 drivers
L_0x10ec5e128 .functor BUFT 1, C4<0>, C4<0>, C4<0>, C4<0>;
v0x7fd14f44e810_0 .net *"_s5", 0 0, L_0x10ec5e128;  1 drivers
L_0x10ec5e170 .functor BUFT 1, C4<000000000000000000000000000000011>, C4<0>, C4<0>, C4<0>;
v0x7fd14f44e8c0_0 .net/2u *"_s6", 32 0, L_0x10ec5e170;  1 drivers
v0x7fd14f44e970_0 .net *"_s8", 32 0, L_0x7fd14f456db0;  1 drivers
v0x7fd14f44ea20_0 .net "addr", 31 0, v0x7fd14f4501f0_0;  alias, 1 drivers
v0x7fd14f44ebb0_0 .net "cmd", 31 0, L_0x7fd14f4577a0;  alias, 1 drivers
v0x7fd14f44ec40 .array "memory", 127 0, 7 0;
L_0x7fd14f456bf0 .array/port v0x7fd14f44ec40, L_0x7fd14f456db0;
L_0x7fd14f456c90 .concat [ 32 1 0 0], v0x7fd14f4501f0_0, L_0x10ec5e128;
L_0x7fd14f456db0 .arith/sum 33, L_0x7fd14f456c90, L_0x10ec5e170;
L_0x7fd14f456f30 .array/port v0x7fd14f44ec40, L_0x7fd14f4570b0;
L_0x7fd14f456fd0 .concat [ 32 1 0 0], v0x7fd14f4501f0_0, L_0x10ec5e1b8;
L_0x7fd14f4570b0 .arith/sum 33, L_0x7fd14f456fd0, L_0x10ec5e200;
L_0x7fd14f457230 .array/port v0x7fd14f44ec40, L_0x7fd14f457470;
L_0x7fd14f457310 .concat [ 32 1 0 0], v0x7fd14f4501f0_0, L_0x10ec5e248;
L_0x7fd14f457470 .arith/sum 33, L_0x7fd14f457310, L_0x10ec5e290;
L_0x7fd14f457600 .array/port v0x7fd14f44ec40, v0x7fd14f4501f0_0;
L_0x7fd14f4577a0 .concat [ 8 8 8 8], L_0x7fd14f457600, L_0x7fd14f457230, L_0x7fd14f456f30, L_0x7fd14f456bf0;
S_0x7fd14f44ed10 .scope module, "datamem" "datamem" 5 74, 8 3 0, S_0x7fd14f44d2f0;
 .timescale 0 0;
    .port_info 0 /INPUT 1 "clk"
    .port_info 1 /INPUT 1 "writeMem"
    .port_info 2 /INPUT 32 "addr"
    .port_info 3 /INPUT 32 "writeData"
    .port_info 4 /OUTPUT 32 "data"
v0x7fd14f44ef50_0 .net *"_s0", 7 0, L_0x7fd14f457ee0;  1 drivers
v0x7fd14f44f000_0 .net *"_s10", 7 0, L_0x7fd14f4581e0;  1 drivers
v0x7fd14f44f0b0_0 .net *"_s12", 32 0, L_0x7fd14f458280;  1 drivers
L_0x10ec5e3f8 .functor BUFT 1, C4<0>, C4<0>, C4<0>, C4<0>;
v0x7fd14f44f170_0 .net *"_s15", 0 0, L_0x10ec5e3f8;  1 drivers
L_0x10ec5e440 .functor BUFT 1, C4<000000000000000000000000000000010>, C4<0>, C4<0>, C4<0>;
v0x7fd14f44f220_0 .net/2u *"_s16", 32 0, L_0x10ec5e440;  1 drivers
v0x7fd14f44f310_0 .net *"_s18", 32 0, L_0x7fd14f458360;  1 drivers
v0x7fd14f44f3c0_0 .net *"_s2", 32 0, L_0x7fd14f457f80;  1 drivers
v0x7fd14f44f470_0 .net *"_s20", 7 0, L_0x7fd14f4584e0;  1 drivers
v0x7fd14f44f520_0 .net *"_s22", 32 0, L_0x7fd14f4585c0;  1 drivers
L_0x10ec5e488 .functor BUFT 1, C4<0>, C4<0>, C4<0>, C4<0>;
v0x7fd14f44f630_0 .net *"_s25", 0 0, L_0x10ec5e488;  1 drivers
L_0x10ec5e4d0 .functor BUFT 1, C4<000000000000000000000000000000001>, C4<0>, C4<0>, C4<0>;
v0x7fd14f44f6e0_0 .net/2u *"_s26", 32 0, L_0x10ec5e4d0;  1 drivers
v0x7fd14f44f790_0 .net *"_s28", 32 0, L_0x7fd14f4587a0;  1 drivers
v0x7fd14f44f840_0 .net *"_s30", 7 0, L_0x7fd14f4588d0;  1 drivers
L_0x10ec5e368 .functor BUFT 1, C4<0>, C4<0>, C4<0>, C4<0>;
v0x7fd14f44f8f0_0 .net *"_s5", 0 0, L_0x10ec5e368;  1 drivers
L_0x10ec5e3b0 .functor BUFT 1, C4<000000000000000000000000000000011>, C4<0>, C4<0>, C4<0>;
v0x7fd14f44f9a0_0 .net/2u *"_s6", 32 0, L_0x10ec5e3b0;  1 drivers
v0x7fd14f44fa50_0 .net *"_s8", 32 0, L_0x7fd14f4580a0;  1 drivers
v0x7fd14f44fb00_0 .net "addr", 31 0, L_0x7fd14f455e00;  alias, 1 drivers
v0x7fd14f44fc90_0 .net "clk", 0 0, v0x7fd14f4548a0_0;  alias, 1 drivers
v0x7fd14f44fd20_0 .net "data", 31 0, L_0x7fd14f458970;  alias, 1 drivers
v0x7fd14f44fdc0 .array "memory", 127 0, 7 0;
v0x7fd14f44fe60_0 .net "writeData", 31 0, L_0x7fd14f457d10;  alias, 1 drivers
v0x7fd14f44ff10_0 .net "writeMem", 0 0, L_0x7fd14f45a520;  alias, 1 drivers
E_0x7fd14f44ef20 .event posedge, v0x7fd14f44fc90_0;
L_0x7fd14f457ee0 .array/port v0x7fd14f44fdc0, L_0x7fd14f4580a0;
L_0x7fd14f457f80 .concat [ 32 1 0 0], L_0x7fd14f455e00, L_0x10ec5e368;
L_0x7fd14f4580a0 .arith/sum 33, L_0x7fd14f457f80, L_0x10ec5e3b0;
L_0x7fd14f4581e0 .array/port v0x7fd14f44fdc0, L_0x7fd14f458360;
L_0x7fd14f458280 .concat [ 32 1 0 0], L_0x7fd14f455e00, L_0x10ec5e3f8;
L_0x7fd14f458360 .arith/sum 33, L_0x7fd14f458280, L_0x10ec5e440;
L_0x7fd14f4584e0 .array/port v0x7fd14f44fdc0, L_0x7fd14f4587a0;
L_0x7fd14f4585c0 .concat [ 32 1 0 0], L_0x7fd14f455e00, L_0x10ec5e488;
L_0x7fd14f4587a0 .arith/sum 33, L_0x7fd14f4585c0, L_0x10ec5e4d0;
L_0x7fd14f4588d0 .array/port v0x7fd14f44fdc0, L_0x7fd14f455e00;
L_0x7fd14f458970 .concat [ 8 8 8 8], L_0x7fd14f4588d0, L_0x7fd14f4584e0, L_0x7fd14f4581e0, L_0x7fd14f457ee0;
S_0x7fd14f44ffc0 .scope module, "pc" "pc" 5 68, 9 2 0, S_0x7fd14f44d2f0;
 .timescale 0 0;
    .port_info 0 /INPUT 1 "clk"
    .port_info 1 /INPUT 1 "rst"
    .port_info 2 /INPUT 32 "nextaddr"
    .port_info 3 /OUTPUT 32 "addr"
v0x7fd14f4501f0_0 .var "addr", 31 0;
v0x7fd14f4502b0_0 .net "clk", 0 0, v0x7fd14f4548a0_0;  alias, 1 drivers
v0x7fd14f450340_0 .net "nextaddr", 31 0, L_0x7fd14f456ad0;  alias, 1 drivers
v0x7fd14f4503f0_0 .net "rst", 0 0, v0x7fd14f454930_0;  alias, 1 drivers
S_0x7fd14f4504d0 .scope module, "regfile" "regfile" 5 70, 10 3 0, S_0x7fd14f44d2f0;
 .timescale 0 0;
    .port_info 0 /INPUT 1 "clk"
    .port_info 1 /INPUT 1 "rst"
    .port_info 2 /INPUT 1 "writeReg"
    .port_info 3 /INPUT 5 "ra1"
    .port_info 4 /INPUT 5 "ra2"
    .port_info 5 /INPUT 5 "wa"
    .port_info 6 /INPUT 32 "wd"
    .port_info 7 /OUTPUT 32 "rd1"
    .port_info 8 /OUTPUT 32 "rd2"
L_0x7fd14f457a60 .functor BUFZ 32, L_0x7fd14f4578e0, C4<00000000000000000000000000000000>, C4<00000000000000000000000000000000>, C4<00000000000000000000000000000000>;
L_0x7fd14f457d10 .functor BUFZ 32, L_0x7fd14f457b50, C4<00000000000000000000000000000000>, C4<00000000000000000000000000000000>, C4<00000000000000000000000000000000>;
v0x7fd14f4507f0_0 .net *"_s0", 31 0, L_0x7fd14f4578e0;  1 drivers
v0x7fd14f450890_0 .net *"_s10", 6 0, L_0x7fd14f457bf0;  1 drivers
L_0x10ec5e320 .functor BUFT 1, C4<00>, C4<0>, C4<0>, C4<0>;
v0x7fd14f450930_0 .net *"_s13", 1 0, L_0x10ec5e320;  1 drivers
v0x7fd14f4509e0_0 .net *"_s2", 6 0, L_0x7fd14f457980;  1 drivers
L_0x10ec5e2d8 .functor BUFT 1, C4<00>, C4<0>, C4<0>, C4<0>;
v0x7fd14f450a90_0 .net *"_s5", 1 0, L_0x10ec5e2d8;  1 drivers
v0x7fd14f450b80_0 .net *"_s8", 31 0, L_0x7fd14f457b50;  1 drivers
v0x7fd14f450c30_0 .net "clk", 0 0, v0x7fd14f4548a0_0;  alias, 1 drivers
v0x7fd14f450d00_0 .var/i "i", 31 0;
v0x7fd14f450d90 .array "list", 31 0, 31 0;
v0x7fd14f450ea0_0 .net "ra1", 4 0, L_0x7fd14f454ae0;  alias, 1 drivers
v0x7fd14f450f40_0 .net "ra2", 4 0, L_0x7fd14f454bc0;  alias, 1 drivers
v0x7fd14f450ff0_0 .net "rd1", 31 0, L_0x7fd14f457a60;  alias, 1 drivers
v0x7fd14f4510b0_0 .net "rd2", 31 0, L_0x7fd14f457d10;  alias, 1 drivers
v0x7fd14f451140_0 .net "rst", 0 0, v0x7fd14f454930_0;  alias, 1 drivers
v0x7fd14f4511d0_0 .net "wa", 4 0, L_0x7fd14f4557d0;  alias, 1 drivers
v0x7fd14f451260_0 .net "wd", 31 0, L_0x7fd14f456020;  alias, 1 drivers
v0x7fd14f451310_0 .net "writeReg", 0 0, L_0x7fd14f45a4b0;  alias, 1 drivers
L_0x7fd14f4578e0 .array/port v0x7fd14f450d90, L_0x7fd14f457980;
L_0x7fd14f457980 .concat [ 5 2 0 0], L_0x7fd14f454ae0, L_0x10ec5e2d8;
L_0x7fd14f457b50 .array/port v0x7fd14f450d90, L_0x7fd14f457bf0;
L_0x7fd14f457bf0 .concat [ 5 2 0 0], L_0x7fd14f454bc0, L_0x10ec5e320;
    .scope S_0x7fd14f44ffc0;
T_0 ;
    %wait E_0x7fd14f44ef20;
    %load/vec4 v0x7fd14f4503f0_0;
    %flag_set/vec4 8;
    %jmp/0xz  T_0.0, 8;
    %pushi/vec4 0, 0, 32;
    %assign/vec4 v0x7fd14f4501f0_0, 0;
    %jmp T_0.1;
T_0.0 ;
    %load/vec4 v0x7fd14f450340_0;
    %assign/vec4 v0x7fd14f4501f0_0, 0;
T_0.1 ;
    %jmp T_0;
    .thread T_0;
    .scope S_0x7fd14f44dca0;
T_1 ;
    %vpi_call 7 8 "$readmemb", "./_memory/cmd.mem", v0x7fd14f44ec40 {0 0 0};
    %end;
    .thread T_1;
    .scope S_0x7fd14f4504d0;
T_2 ;
    %wait E_0x7fd14f44ef20;
    %load/vec4 v0x7fd14f451140_0;
    %flag_set/vec4 8;
    %jmp/0xz  T_2.0, 8;
    %pushi/vec4 0, 0, 32;
    %store/vec4 v0x7fd14f450d00_0, 0, 32;
T_2.2 ;
    %load/vec4 v0x7fd14f450d00_0;
    %cmpi/s 32, 0, 32;
    %jmp/0xz T_2.3, 5;
    %pushi/vec4 0, 0, 32;
    %ix/getv/s 3, v0x7fd14f450d00_0;
    %ix/load 4, 0, 0; Constant delay
    %assign/vec4/a/d v0x7fd14f450d90, 0, 4;
    %load/vec4 v0x7fd14f450d00_0;
    %addi 1, 0, 32;
    %store/vec4 v0x7fd14f450d00_0, 0, 32;
    %jmp T_2.2;
T_2.3 ;
    %jmp T_2.1;
T_2.0 ;
    %load/vec4 v0x7fd14f451310_0;
    %load/vec4 v0x7fd14f4511d0_0;
    %pad/u 32;
    %pushi/vec4 0, 0, 32;
    %cmp/e;
    %flag_get/vec4 4;
    %inv;
    %and;
    %flag_set/vec4 8;
    %jmp/0xz  T_2.4, 8;
    %load/vec4 v0x7fd14f451260_0;
    %load/vec4 v0x7fd14f4511d0_0;
    %pad/u 7;
    %ix/vec4 3;
    %ix/load 4, 0, 0; Constant delay
    %assign/vec4/a/d v0x7fd14f450d90, 0, 4;
T_2.4 ;
T_2.1 ;
    %jmp T_2;
    .thread T_2;
    .scope S_0x7fd14f4504d0;
T_3 ;
    %wait E_0x7fd14f44ef20;
    %vpi_call 10 23 "$writememb", "./_memory/reg.mem", v0x7fd14f450d90 {0 0 0};
    %jmp T_3;
    .thread T_3;
    .scope S_0x7fd14f44d650;
T_4 ;
    %wait E_0x7fd14f44d860;
    %load/vec4 v0x7fd14f44dab0_0;
    %dup/vec4;
    %pushi/vec4 0, 0, 3;
    %cmp/u;
    %jmp/1 T_4.0, 6;
    %dup/vec4;
    %pushi/vec4 1, 0, 3;
    %cmp/u;
    %jmp/1 T_4.1, 6;
    %dup/vec4;
    %pushi/vec4 2, 0, 3;
    %cmp/u;
    %jmp/1 T_4.2, 6;
    %dup/vec4;
    %pushi/vec4 3, 0, 3;
    %cmp/u;
    %jmp/1 T_4.3, 6;
    %dup/vec4;
    %pushi/vec4 4, 0, 3;
    %cmp/u;
    %jmp/1 T_4.4, 6;
    %load/vec4 v0x7fd14f44d890_0;
    %load/vec4 v0x7fd14f44d940_0;
    %add;
    %store/vec4 v0x7fd14f44d9f0_0, 0, 32;
    %jmp T_4.6;
T_4.0 ;
    %load/vec4 v0x7fd14f44d890_0;
    %load/vec4 v0x7fd14f44d940_0;
    %add;
    %store/vec4 v0x7fd14f44d9f0_0, 0, 32;
    %jmp T_4.6;
T_4.1 ;
    %load/vec4 v0x7fd14f44d890_0;
    %load/vec4 v0x7fd14f44d940_0;
    %sub;
    %store/vec4 v0x7fd14f44d9f0_0, 0, 32;
    %jmp T_4.6;
T_4.2 ;
    %load/vec4 v0x7fd14f44d890_0;
    %load/vec4 v0x7fd14f44d940_0;
    %and;
    %store/vec4 v0x7fd14f44d9f0_0, 0, 32;
    %jmp T_4.6;
T_4.3 ;
    %load/vec4 v0x7fd14f44d890_0;
    %load/vec4 v0x7fd14f44d940_0;
    %or;
    %store/vec4 v0x7fd14f44d9f0_0, 0, 32;
    %jmp T_4.6;
T_4.4 ;
    %load/vec4 v0x7fd14f44d890_0;
    %load/vec4 v0x7fd14f44d940_0;
    %xor;
    %store/vec4 v0x7fd14f44d9f0_0, 0, 32;
    %jmp T_4.6;
T_4.6 ;
    %pop/vec4 1;
    %jmp T_4;
    .thread T_4, $push;
    .scope S_0x7fd14f44ed10;
T_5 ;
    %vpi_call 8 9 "$readmemb", "./_memory/empty.mem", v0x7fd14f44fdc0 {0 0 0};
    %end;
    .thread T_5;
    .scope S_0x7fd14f44ed10;
T_6 ;
    %wait E_0x7fd14f44ef20;
    %load/vec4 v0x7fd14f44ff10_0;
    %flag_set/vec4 8;
    %jmp/0xz  T_6.0, 8;
    %load/vec4 v0x7fd14f44fe60_0;
    %split/vec4 8;
    %ix/getv 3, v0x7fd14f44fb00_0;
    %ix/load 4, 0, 0; Constant delay
    %assign/vec4/a/d v0x7fd14f44fdc0, 0, 4;
    %split/vec4 8;
    %load/vec4 v0x7fd14f44fb00_0;
    %pad/u 33;
    %addi 1, 0, 33;
    %ix/vec4 3;
    %ix/load 4, 0, 0; Constant delay
    %assign/vec4/a/d v0x7fd14f44fdc0, 0, 4;
    %split/vec4 8;
    %load/vec4 v0x7fd14f44fb00_0;
    %pad/u 33;
    %addi 2, 0, 33;
    %ix/vec4 3;
    %ix/load 4, 0, 0; Constant delay
    %assign/vec4/a/d v0x7fd14f44fdc0, 0, 4;
    %load/vec4 v0x7fd14f44fb00_0;
    %pad/u 33;
    %addi 3, 0, 33;
    %ix/vec4 3;
    %ix/load 4, 0, 0; Constant delay
    %assign/vec4/a/d v0x7fd14f44fdc0, 0, 4;
T_6.0 ;
    %jmp T_6;
    .thread T_6;
    .scope S_0x7fd14f44ed10;
T_7 ;
    %wait E_0x7fd14f44ef20;
    %vpi_call 8 18 "$writememb", "./_memory/data.mem", v0x7fd14f44fdc0 {0 0 0};
    %jmp T_7;
    .thread T_7;
    .scope S_0x7fd14f426030;
T_8 ;
    %wait E_0x7fd14f42f9f0;
    %load/vec4 v0x7fd14f44cf10_0;
    %load/vec4 v0x7fd14f44cdc0_0;
    %concat/vec4; draw_concat_vec4
    %dup/vec4;
    %pushi/vec4 32, 0, 12;
    %cmp/x;
    %jmp/1 T_8.0, 4;
    %dup/vec4;
    %pushi/vec4 575, 63, 12;
    %cmp/x;
    %jmp/1 T_8.1, 4;
    %dup/vec4;
    %pushi/vec4 34, 0, 12;
    %cmp/x;
    %jmp/1 T_8.2, 4;
    %dup/vec4;
    %pushi/vec4 319, 63, 12;
    %cmp/x;
    %jmp/1 T_8.3, 4;
    %dup/vec4;
    %pushi/vec4 383, 63, 12;
    %cmp/x;
    %jmp/1 T_8.4, 4;
    %dup/vec4;
    %pushi/vec4 36, 0, 12;
    %cmp/x;
    %jmp/1 T_8.5, 4;
    %dup/vec4;
    %pushi/vec4 831, 63, 12;
    %cmp/x;
    %jmp/1 T_8.6, 4;
    %dup/vec4;
    %pushi/vec4 37, 0, 12;
    %cmp/x;
    %jmp/1 T_8.7, 4;
    %dup/vec4;
    %pushi/vec4 895, 63, 12;
    %cmp/x;
    %jmp/1 T_8.8, 4;
    %dup/vec4;
    %pushi/vec4 38, 0, 12;
    %cmp/x;
    %jmp/1 T_8.9, 4;
    %dup/vec4;
    %pushi/vec4 959, 63, 12;
    %cmp/x;
    %jmp/1 T_8.10, 4;
    %pushi/vec4 0, 0, 3;
    %store/vec4 v0x7fd14f44ce60_0, 0, 3;
    %jmp T_8.12;
T_8.0 ;
    %pushi/vec4 0, 0, 3;
    %store/vec4 v0x7fd14f44ce60_0, 0, 3;
    %jmp T_8.12;
T_8.1 ;
    %pushi/vec4 0, 0, 3;
    %store/vec4 v0x7fd14f44ce60_0, 0, 3;
    %jmp T_8.12;
T_8.2 ;
    %pushi/vec4 1, 0, 3;
    %store/vec4 v0x7fd14f44ce60_0, 0, 3;
    %jmp T_8.12;
T_8.3 ;
    %pushi/vec4 1, 0, 3;
    %store/vec4 v0x7fd14f44ce60_0, 0, 3;
    %jmp T_8.12;
T_8.4 ;
    %pushi/vec4 1, 0, 3;
    %store/vec4 v0x7fd14f44ce60_0, 0, 3;
    %jmp T_8.12;
T_8.5 ;
    %pushi/vec4 2, 0, 3;
    %store/vec4 v0x7fd14f44ce60_0, 0, 3;
    %jmp T_8.12;
T_8.6 ;
    %pushi/vec4 2, 0, 3;
    %store/vec4 v0x7fd14f44ce60_0, 0, 3;
    %jmp T_8.12;
T_8.7 ;
    %pushi/vec4 3, 0, 3;
    %store/vec4 v0x7fd14f44ce60_0, 0, 3;
    %jmp T_8.12;
T_8.8 ;
    %pushi/vec4 3, 0, 3;
    %store/vec4 v0x7fd14f44ce60_0, 0, 3;
    %jmp T_8.12;
T_8.9 ;
    %pushi/vec4 4, 0, 3;
    %store/vec4 v0x7fd14f44ce60_0, 0, 3;
    %jmp T_8.12;
T_8.10 ;
    %pushi/vec4 4, 0, 3;
    %store/vec4 v0x7fd14f44ce60_0, 0, 3;
    %jmp T_8.12;
T_8.12 ;
    %pop/vec4 1;
    %jmp T_8;
    .thread T_8, $push;
    .scope S_0x7fd14f4276c0;
T_9 ;
    %vpi_call 2 7 "$dumpfile", "dump.vcd" {0 0 0};
    %vpi_call 2 8 "$dumpvars", 32'sb00000000000000000000000000000000, S_0x7fd14f4276c0 {0 0 0};
    %end;
    .thread T_9;
    .scope S_0x7fd14f4276c0;
T_10 ;
    %delay 40, 0;
    %vpi_call 2 10 "$finish" {0 0 0};
    %end;
    .thread T_10;
    .scope S_0x7fd14f4276c0;
T_11 ;
    %delay 0, 0;
    %pushi/vec4 0, 0, 1;
    %store/vec4 v0x7fd14f4548a0_0, 0, 1;
    %end;
    .thread T_11;
    .scope S_0x7fd14f4276c0;
T_12 ;
    %delay 0, 0;
    %pushi/vec4 1, 0, 1;
    %store/vec4 v0x7fd14f454930_0, 0, 1;
    %end;
    .thread T_12;
    .scope S_0x7fd14f4276c0;
T_13 ;
    %delay 2, 0;
    %pushi/vec4 0, 0, 1;
    %store/vec4 v0x7fd14f454930_0, 0, 1;
    %end;
    .thread T_13;
    .scope S_0x7fd14f4276c0;
T_14 ;
    %delay 1, 0;
    %load/vec4 v0x7fd14f4548a0_0;
    %nor/r;
    %store/vec4 v0x7fd14f4548a0_0, 0, 1;
    %jmp T_14;
    .thread T_14;
# The file index is used to find the file name in the following table.
:file_names 11;
    "N/A";
    "<interactive>";
    "_test/test_main.v";
    "main.v";
    "control_path.v";
    "data_path.v";
    "ALU/alu.v";
    "CMDMEM/cmdmem.v";
    "DATAMEM/datamem.v";
    "PC/pc.v";
    "REGFILE/regfile.v";
